
===============Saturation Functions Diagnostics===============

System:  Black-oil system.
Relative permeability input format: Saturation Family I.
Number of saturation regions: 1

======================================================= PRODUCTION REPORT =======================================================
:  WELL  :  LOCATION :CTRL:    OIL    :   WATER   :    GAS    :   FLUID   :   WATER   : GAS/OIL  :  WAT/GAS   : BHP OR : THP OR :
:  NAME  :  (I,J,K)  :MODE:    RATE   :   RATE    :    RATE   :  RES.VOL. :    CUT    :  RATIO   :   RATIO    : CON.PR.: BLK.PR.:
:        :           :    :  STB/DAY  :  STB/DAY  :  MSCF/DAY :  RB/DAY   :           : MSCF/STB :  STB/MSCF  :  PSIA  :  PSIA  :
=================================================================================================================================

:   FIELD:           :    :        0.0:        0.0:        0.0:        0.0:      0.000:      0.00:        -nan:        :        : 
:--------:-----------:----:-----------:-----------:-----------:-----------:-----------:----------:------------:--------:--------:

:       G:           :    :    36679.9:       46.8:    51414.1:    41581.6:      0.001:      1.40:      0.0009:        :        : 
:--------:-----------:----:-----------:-----------:-----------:-----------:-----------:----------:------------:--------:--------:

:  PRODU2:    5,    1:ORAT:     1500.0:       -0.0:     2039.3:     1660.1:     -0.000:      1.36:     -0.0000:  2865.8:     0.0: 
:--------:-----------:----:-----------:-----------:-----------:-----------:-----------:----------:------------:--------:--------:

:  PRODU3:    8,    2:ORAT:     1500.0:        0.0:     2031.6:     1659.3:      0.000:      1.35:      0.0000:  2958.1:     0.0: 
:--------:-----------:----:-----------:-----------:-----------:-----------:-----------:----------:------------:--------:--------:

:  PRODU4:   11,    3:ORAT:     1500.0:        0.0:     2037.8:     1660.0:      0.000:      1.36:      0.0000:  3288.4:     0.0: 
:--------:-----------:----:-----------:-----------:-----------:-----------:-----------:----------:------------:--------:--------:

:  PRODU5:   10,    4:ORAT:     1500.0:        0.0:     2028.7:     1659.1:      0.000:      1.35:      0.0000:  3100.2:     0.0: 
:--------:-----------:----:-----------:-----------:-----------:-----------:-----------:----------:------------:--------:--------:

:  PRODU6:   12,    5:ORAT:     1500.0:        0.1:     2030.2:     1659.3:      0.000:      1.35:      0.0001:  2719.1:     0.0: 
:--------:-----------:----:-----------:-----------:-----------:-----------:-----------:----------:------------:--------:--------:

:  PRODU7:    4,    6:ORAT:     1500.0:       -0.0:     2031.8:     1659.4:     -0.000:      1.35:     -0.0000:  3174.9:     0.0: 
:--------:-----------:----:-----------:-----------:-----------:-----------:-----------:----------:------------:--------:--------:

:  PRODU8:    8,    7:ORAT:     1500.0:        0.0:     2048.0:     1661.0:      0.000:      1.37:      0.0000:  3299.5:     0.0: 
:--------:-----------:----:-----------:-----------:-----------:-----------:-----------:----------:------------:--------:--------:

: PRODU10:   11,    9:ORAT:     1500.0:        0.0:     2063.8:     1662.6:      0.000:      1.38:      0.0000:  3286.6:     0.0: 
:--------:-----------:----:-----------:-----------:-----------:-----------:-----------:----------:------------:--------:--------:

: PRODU11:   12,   10:ORAT:     1500.0:        0.2:     2027.2:     1659.1:      0.000:      1.35:      0.0001:  2608.3:     0.0: 
:--------:-----------:----:-----------:-----------:-----------:-----------:-----------:----------:------------:--------:--------:

: PRODU15:   11,   14:ORAT:     1500.0:        0.0:     2056.4:     1661.9:      0.000:      1.37:      0.0000:  3194.6:     0.0: 
:--------:-----------:----:-----------:-----------:-----------:-----------:-----------:----------:------------:--------:--------:

: PRODU18:   11,   17:ORAT:     1500.0:        0.1:     2012.6:     1657.5:      0.000:      1.34:      0.0000:  3151.3:     0.0: 
:--------:-----------:----:-----------:-----------:-----------:-----------:-----------:----------:------------:--------:--------:

=================================================== INJECTION REPORT ========================================
:  WELL  :  LOCATION : CTRL : CTRL : CTRL :    OIL    :   WATER   :    GAS    :   FLUID   : BHP OR : THP OR :
:  NAME  :  (I,J,K)  : MODE : MODE : MODE :    RATE   :   RATE    :    RATE   :  RES.VOL. : CON.PR.: BLK.PR.:
:        :           : OIL  : WAT  : GAS  :  STB/DAY  :  STB/DAY  :  MSCF/DAY :  RB/DAY   :  PSIA  :  PSIA  :
==============================================================================================================

:   FIELD:           :      :      :      :        0.0:        0.0:        0.0:        0.0:        :        : 
:--------:-----------:------:------:------:------------:----------:-----------:-----------:--------:--------: 

:       G:           :      :      :      :        0.0:     5000.0:        0.0:        0.0:        :        : 
:--------:-----------:------:------:------:------------:----------:-----------:-----------:--------:--------: 

=================================================== CUMULATIVE PRODUCTION/INJECTION REPORT =========================================
:  WELL  :  LOCATION :  WELL  :CTRL:    OIL    :   WATER   :    GAS    :   Prod    :    OIL    :   WATER   :    GAS    :   INJ     :
:  NAME  :  (I,J,K)  :  TYPE  :MODE:    PROD   :   PROD    :    PROD   :  RES.VOL. :    INJ    :   INJ     :    INJ    :  RES.VOL. :
:        :           :        :    :    MSTB   :   MSTB    :    MMSCF  :   MRB     :    MSTB   :   MSTB    :    MMSCF  :   MRB     :
====================================================================================================================================

:   FIELD:           :        :    :        0.0:        0.0:        0.0:        0.0:        0.0:        0.0:        0.0:        0.0: 
:--------:-----------:--------:----:------------:----------:-----------:-----------:------------:----------:-----------:-----------: 

:       G:           :        :    :      132.7:        0.2:      184.9:      149.5:        0.0:       18.0:        0.0:       18.1: 
:--------:-----------:--------:----:------------:----------:-----------:-----------:------------:----------:-----------:-----------: 

:  PRODU2:    5,    1:    PROD:ORAT:        5.4:        0.0:        7.3:        6.0:        0.0:        0.0:        0.0:        0.0: 
:--------:-----------:--------:----:------------:----------:-----------:-----------:------------:----------:-----------:-----------: 

:  PRODU3:    8,    2:    PROD:ORAT:        5.4:        0.0:        7.3:        6.0:        0.0:        0.0:        0.0:        0.0: 
:--------:-----------:--------:----:------------:----------:-----------:-----------:------------:----------:-----------:-----------: 

:  PRODU4:   11,    3:    PROD:ORAT:        5.4:        0.0:        7.4:        6.0:        0.0:        0.0:        0.0:        0.0: 
:--------:-----------:--------:----:------------:----------:-----------:-----------:------------:----------:-----------:-----------: 

:  PRODU5:   10,    4:    PROD:ORAT:        5.4:        0.0:        7.3:        6.0:        0.0:        0.0:        0.0:        0.0: 
:--------:-----------:--------:----:------------:----------:-----------:-----------:------------:----------:-----------:-----------: 

:  PRODU6:   12,    5:    PROD:ORAT:        5.4:        0.0:        7.3:        6.0:        0.0:        0.0:        0.0:        0.0: 
:--------:-----------:--------:----:------------:----------:-----------:-----------:------------:----------:-----------:-----------: 

:  PRODU7:    4,    6:    PROD:ORAT:        5.4:        0.0:        7.3:        6.0:        0.0:        0.0:        0.0:        0.0: 
:--------:-----------:--------:----:------------:----------:-----------:-----------:------------:----------:-----------:-----------: 

:  PRODU8:    8,    7:    PROD:ORAT:        5.4:        0.0:        7.4:        6.0:        0.0:        0.0:        0.0:        0.0: 
:--------:-----------:--------:----:------------:----------:-----------:-----------:------------:----------:-----------:-----------: 

: PRODU10:   11,    9:    PROD:ORAT:        5.4:        0.0:        7.5:        6.0:        0.0:        0.0:        0.0:        0.0: 
:--------:-----------:--------:----:------------:----------:-----------:-----------:------------:----------:-----------:-----------: 

: PRODU11:   12,   10:    PROD:ORAT:        5.4:        0.0:        7.3:        6.0:        0.0:        0.0:        0.0:        0.0: 
:--------:-----------:--------:----:------------:----------:-----------:-----------:------------:----------:-----------:-----------: 

: PRODU15:   11,   14:    PROD:ORAT:        5.4:        0.0:        7.4:        6.0:        0.0:        0.0:        0.0:        0.0: 
:--------:-----------:--------:----:------------:----------:-----------:-----------:------------:----------:-----------:-----------: 

: PRODU18:   11,   17:    PROD:ORAT:        5.4:        0.0:        7.3:        6.0:        0.0:        0.0:        0.0:        0.0: 
:--------:-----------:--------:----:------------:----------:-----------:-----------:------------:----------:-----------:-----------: 

