
===============Saturation Functions Diagnostics===============

System:  Black-oil system.
Relative permeability input format: Saturation Family I.
Number of saturation regions: 1

======================================================= PRODUCTION REPORT =======================================================
:  WELL  :  LOCATION :CTRL:    OIL    :   WATER   :    GAS    :   FLUID   :   WATER   : GAS/OIL  :  WAT/GAS   : BHP OR : THP OR :
:  NAME  :  (I,J,K)  :MODE:    RATE   :   RATE    :    RATE   :  RES.VOL. :    CUT    :  RATIO   :   RATIO    : CON.PR.: BLK.PR.:
:        :           :    :  STB/DAY  :  STB/DAY  :  MSCF/DAY :  RB/DAY   :           : MSCF/STB :  STB/MSCF  :  PSIA  :  PSIA  :
=================================================================================================================================

:   FIELD:           :    :        0.0:        0.0:        0.0:        0.0:      0.000:      0.00:        -nan:        :        : 
:--------:-----------:----:-----------:-----------:-----------:-----------:-----------:----------:------------:--------:--------:

:       G:           :    :    36224.1:       41.3:    50115.6:    40673.0:      0.001:      1.38:      0.0008:        :        : 
:--------:-----------:----:-----------:-----------:-----------:-----------:-----------:----------:------------:--------:--------:

: PRODU12:   10,   11:ORAT:     1500.0:        0.0:     2174.6:     1721.7:      0.000:      1.45:      0.0000:  2297.1:     0.0: 
:--------:-----------:----:-----------:-----------:-----------:-----------:-----------:----------:------------:--------:--------:

: PRODU14:    8,   13:ORAT:     1500.0:        0.0:     2042.6:     1660.5:      0.000:      1.36:      0.0000:  3379.0:     0.0: 
:--------:-----------:----:-----------:-----------:-----------:-----------:-----------:----------:------------:--------:--------:

: PRODU20:    5,   19:ORAT:     1500.0:       -0.0:     2121.4:     1688.3:     -0.000:      1.41:     -0.0000:  2626.4:     0.0: 
:--------:-----------:----:-----------:-----------:-----------:-----------:-----------:----------:------------:--------:--------:

: PRODU21:    8,   20:ORAT:     1208.2:        0.0:     1738.6:     1378.6:      0.000:      1.44:      0.0000:  1000.0:     0.0: 
:--------:-----------:----:-----------:-----------:-----------:-----------:-----------:----------:------------:--------:--------:

: PRODU25:   10,   24:ORAT:     1500.0:        0.0:     2013.1:     1657.6:      0.000:      1.34:      0.0000:  2866.3:     0.0: 
:--------:-----------:----:-----------:-----------:-----------:-----------:-----------:----------:------------:--------:--------:

=================================================== INJECTION REPORT ========================================
:  WELL  :  LOCATION : CTRL : CTRL : CTRL :    OIL    :   WATER   :    GAS    :   FLUID   : BHP OR : THP OR :
:  NAME  :  (I,J,K)  : MODE : MODE : MODE :    RATE   :   RATE    :    RATE   :  RES.VOL. : CON.PR.: BLK.PR.:
:        :           : OIL  : WAT  : GAS  :  STB/DAY  :  STB/DAY  :  MSCF/DAY :  RB/DAY   :  PSIA  :  PSIA  :
==============================================================================================================

:   FIELD:           :      :      :      :        0.0:        0.0:        0.0:        0.0:        :        : 
:--------:-----------:------:------:------:------------:----------:-----------:-----------:--------:--------: 

:       G:           :      :      :      :        0.0:     5000.0:        0.0:        0.0:        :        : 
:--------:-----------:------:------:------:------------:----------:-----------:-----------:--------:--------: 

=================================================== CUMULATIVE PRODUCTION/INJECTION REPORT =========================================
:  WELL  :  LOCATION :  WELL  :CTRL:    OIL    :   WATER   :    GAS    :   Prod    :    OIL    :   WATER   :    GAS    :   INJ     :
:  NAME  :  (I,J,K)  :  TYPE  :MODE:    PROD   :   PROD    :    PROD   :  RES.VOL. :    INJ    :   INJ     :    INJ    :  RES.VOL. :
:        :           :        :    :    MSTB   :   MSTB    :    MMSCF  :   MRB     :    MSTB   :   MSTB    :    MMSCF  :   MRB     :
====================================================================================================================================

:   FIELD:           :        :    :        0.0:        0.0:        0.0:        0.0:        0.0:        0.0:        0.0:        0.0: 
:--------:-----------:--------:----:------------:----------:-----------:-----------:------------:----------:-----------:-----------: 

:       G:           :        :    :      261.0:        0.3:      361.4:      292.5:        0.0:       35.6:        0.0:       35.7: 
:--------:-----------:--------:----:------------:----------:-----------:-----------:------------:----------:-----------:-----------: 

: PRODU12:   10,   11:    PROD:ORAT:       10.7:        0.0:       15.9:       12.5:        0.0:        0.0:        0.0:        0.0: 
:--------:-----------:--------:----:------------:----------:-----------:-----------:------------:----------:-----------:-----------: 

: PRODU14:    8,   13:    PROD:ORAT:       10.7:        0.0:       14.7:       11.8:        0.0:        0.0:        0.0:        0.0: 
:--------:-----------:--------:----:------------:----------:-----------:-----------:------------:----------:-----------:-----------: 

: PRODU20:    5,   19:    PROD:ORAT:       10.7:        0.0:       14.8:       11.9:        0.0:        0.0:        0.0:        0.0: 
:--------:-----------:--------:----:------------:----------:-----------:-----------:------------:----------:-----------:-----------: 

: PRODU21:    8,   20:    PROD:ORAT:        9.2:        0.0:       13.4:       10.6:        0.0:        0.0:        0.0:        0.0: 
:--------:-----------:--------:----:------------:----------:-----------:-----------:------------:----------:-----------:-----------: 

: PRODU25:   10,   24:    PROD:ORAT:       10.7:        0.0:       14.5:       11.8:        0.0:        0.0:        0.0:        0.0: 
:--------:-----------:--------:----:------------:----------:-----------:-----------:------------:----------:-----------:-----------: 

