
===============Saturation Functions Diagnostics===============

System:  Black-oil system.
Relative permeability input format: Saturation Family I.
Number of saturation regions: 1

======================================================= PRODUCTION REPORT =======================================================
:  WELL  :  LOCATION :CTRL:    OIL    :   WATER   :    GAS    :   FLUID   :   WATER   : GAS/OIL  :  WAT/GAS   : BHP OR : THP OR :
:  NAME  :  (I,J,K)  :MODE:    RATE   :   RATE    :    RATE   :  RES.VOL. :    CUT    :  RATIO   :   RATIO    : CON.PR.: BLK.PR.:
:        :           :    :  STB/DAY  :  STB/DAY  :  MSCF/DAY :  RB/DAY   :           : MSCF/STB :  STB/MSCF  :  PSIA  :  PSIA  :
=================================================================================================================================

:   FIELD:           :    :        0.0:        0.0:        0.0:        0.0:      0.000:      0.00:        -nan:        :        : 
:--------:-----------:----:-----------:-----------:-----------:-----------:-----------:----------:------------:--------:--------:

:       G:           :    :    35639.2:       60.5:    54302.8:    43013.5:      0.002:      1.52:      0.0011:        :        : 
:--------:-----------:----:-----------:-----------:-----------:-----------:-----------:----------:------------:--------:--------:

: PRODU20:    5,   19:ORAT:     1500.0:       -0.0:     2692.0:     2041.6:     -0.000:      1.79:     -0.0000:  2337.3:     0.0: 
:--------:-----------:----:-----------:-----------:-----------:-----------:-----------:----------:------------:--------:--------:

=================================================== INJECTION REPORT ========================================
:  WELL  :  LOCATION : CTRL : CTRL : CTRL :    OIL    :   WATER   :    GAS    :   FLUID   : BHP OR : THP OR :
:  NAME  :  (I,J,K)  : MODE : MODE : MODE :    RATE   :   RATE    :    RATE   :  RES.VOL. : CON.PR.: BLK.PR.:
:        :           : OIL  : WAT  : GAS  :  STB/DAY  :  STB/DAY  :  MSCF/DAY :  RB/DAY   :  PSIA  :  PSIA  :
==============================================================================================================

:   FIELD:           :      :      :      :        0.0:        0.0:        0.0:        0.0:        :        : 
:--------:-----------:------:------:------:------------:----------:-----------:-----------:--------:--------: 

:       G:           :      :      :      :        0.0:     5000.0:        0.0:        0.0:        :        : 
:--------:-----------:------:------:------:------------:----------:-----------:-----------:--------:--------: 

=================================================== CUMULATIVE PRODUCTION/INJECTION REPORT =========================================
:  WELL  :  LOCATION :  WELL  :CTRL:    OIL    :   WATER   :    GAS    :   Prod    :    OIL    :   WATER   :    GAS    :   INJ     :
:  NAME  :  (I,J,K)  :  TYPE  :MODE:    PROD   :   PROD    :    PROD   :  RES.VOL. :    INJ    :   INJ     :    INJ    :  RES.VOL. :
:        :           :        :    :    MSTB   :   MSTB    :    MMSCF  :   MRB     :    MSTB   :   MSTB    :    MMSCF  :   MRB     :
====================================================================================================================================

:   FIELD:           :        :    :        0.0:        0.0:        0.0:        0.0:        0.0:        0.0:        0.0:        0.0: 
:--------:-----------:--------:----:------------:----------:-----------:-----------:------------:----------:-----------:-----------: 

:       G:           :        :    :      237.9:        0.4:      350.3:      280.1:        0.0:       33.0:        0.0:       33.1: 
:--------:-----------:--------:----:------------:----------:-----------:-----------:------------:----------:-----------:-----------: 

: PRODU20:    5,   19:    PROD:ORAT:        9.9:        0.0:       16.0:       12.4:        0.0:        0.0:        0.0:        0.0: 
:--------:-----------:--------:----:------------:----------:-----------:-----------:------------:----------:-----------:-----------: 

