
===============Saturation Functions Diagnostics===============

System:  Black-oil system.
Relative permeability input format: Saturation Family I.
Number of saturation regions: 1

======================================================= PRODUCTION REPORT =======================================================
:  WELL  :  LOCATION :CTRL:    OIL    :   WATER   :    GAS    :   FLUID   :   WATER   : GAS/OIL  :  WAT/GAS   : BHP OR : THP OR :
:  NAME  :  (I,J,K)  :MODE:    RATE   :   RATE    :    RATE   :  RES.VOL. :    CUT    :  RATIO   :   RATIO    : CON.PR.: BLK.PR.:
:        :           :    :  STB/DAY  :  STB/DAY  :  MSCF/DAY :  RB/DAY   :           : MSCF/STB :  STB/MSCF  :  PSIA  :  PSIA  :
=================================================================================================================================

:   FIELD:           :    :        0.0:        0.0:        0.0:        0.0:      0.000:      0.00:        -nan:        :        : 
:--------:-----------:----:-----------:-----------:-----------:-----------:-----------:----------:------------:--------:--------:

:       G:           :    :    36074.7:       53.8:    52353.5:    42097.4:      0.001:      1.45:      0.0010:        :        : 
:--------:-----------:----:-----------:-----------:-----------:-----------:-----------:----------:------------:--------:--------:

: PRODU21:    8,   20:ORAT:     1181.1:        0.0:     1921.7:     1482.9:      0.000:      1.63:      0.0000:  1000.0:     0.0: 
:--------:-----------:----:-----------:-----------:-----------:-----------:-----------:----------:------------:--------:--------:

=================================================== INJECTION REPORT ========================================
:  WELL  :  LOCATION : CTRL : CTRL : CTRL :    OIL    :   WATER   :    GAS    :   FLUID   : BHP OR : THP OR :
:  NAME  :  (I,J,K)  : MODE : MODE : MODE :    RATE   :   RATE    :    RATE   :  RES.VOL. : CON.PR.: BLK.PR.:
:        :           : OIL  : WAT  : GAS  :  STB/DAY  :  STB/DAY  :  MSCF/DAY :  RB/DAY   :  PSIA  :  PSIA  :
==============================================================================================================

:   FIELD:           :      :      :      :        0.0:        0.0:        0.0:        0.0:        :        : 
:--------:-----------:------:------:------:------------:----------:-----------:-----------:--------:--------: 

:       G:           :      :      :      :        0.0:     5000.0:        0.0:        0.0:        :        : 
:--------:-----------:------:------:------:------------:----------:-----------:-----------:--------:--------: 

=================================================== CUMULATIVE PRODUCTION/INJECTION REPORT =========================================
:  WELL  :  LOCATION :  WELL  :CTRL:    OIL    :   WATER   :    GAS    :   Prod    :    OIL    :   WATER   :    GAS    :   INJ     :
:  NAME  :  (I,J,K)  :  TYPE  :MODE:    PROD   :   PROD    :    PROD   :  RES.VOL. :    INJ    :   INJ     :    INJ    :  RES.VOL. :
:        :           :        :    :    MSTB   :   MSTB    :    MMSCF  :   MRB     :    MSTB   :   MSTB    :    MMSCF  :   MRB     :
====================================================================================================================================

:   FIELD:           :        :    :        0.0:        0.0:        0.0:        0.0:        0.0:        0.0:        0.0:        0.0: 
:--------:-----------:--------:----:------------:----------:-----------:-----------:------------:----------:-----------:-----------: 

:       G:           :        :    :      116.5:        0.2:      165.8:      133.8:        0.0:       16.0:        0.0:       16.0: 
:--------:-----------:--------:----:------------:----------:-----------:-----------:------------:----------:-----------:-----------: 

: PRODU21:    8,   20:    PROD:ORAT:        4.1:        0.0:        6.2:        4.9:        0.0:        0.0:        0.0:        0.0: 
:--------:-----------:--------:----:------------:----------:-----------:-----------:------------:----------:-----------:-----------: 

