
===============Saturation Functions Diagnostics===============

System:  Black-oil system.
Relative permeability input format: Saturation Family I.
Number of saturation regions: 1

======================================================= PRODUCTION REPORT =======================================================
:  WELL  :  LOCATION :CTRL:    OIL    :   WATER   :    GAS    :   FLUID   :   WATER   : GAS/OIL  :  WAT/GAS   : BHP OR : THP OR :
:  NAME  :  (I,J,K)  :MODE:    RATE   :   RATE    :    RATE   :  RES.VOL. :    CUT    :  RATIO   :   RATIO    : CON.PR.: BLK.PR.:
:        :           :    :  STB/DAY  :  STB/DAY  :  MSCF/DAY :  RB/DAY   :           : MSCF/STB :  STB/MSCF  :  PSIA  :  PSIA  :
=================================================================================================================================

:   FIELD:           :    :        0.0:        0.0:        0.0:        0.0:      0.000:      0.00:        -nan:        :        : 
:--------:-----------:----:-----------:-----------:-----------:-----------:-----------:----------:------------:--------:--------:

:       G:           :    :    36539.3:       44.9:    51339.8:    41486.2:      0.001:      1.41:      0.0009:        :        : 
:--------:-----------:----:-----------:-----------:-----------:-----------:-----------:----------:------------:--------:--------:

:  PRODU3:    8,    2:ORAT:     1500.0:        0.0:     2032.1:     1659.4:      0.000:      1.35:      0.0000:  2970.5:     0.0: 
:--------:-----------:----:-----------:-----------:-----------:-----------:-----------:----------:------------:--------:--------:

:  PRODU4:   11,    3:ORAT:     1500.0:        0.0:     2038.0:     1660.0:      0.000:      1.36:      0.0000:  3289.7:     0.0: 
:--------:-----------:----:-----------:-----------:-----------:-----------:-----------:----------:------------:--------:--------:

:  PRODU5:   10,    4:ORAT:     1500.0:        0.0:     2033.5:     1659.5:      0.000:      1.36:      0.0000:  3118.9:     0.0: 
:--------:-----------:----:-----------:-----------:-----------:-----------:-----------:----------:------------:--------:--------:

:  PRODU7:    4,    6:ORAT:     1500.0:       -0.0:     2033.4:     1659.5:     -0.000:      1.36:     -0.0000:  3187.4:     0.0: 
:--------:-----------:----:-----------:-----------:-----------:-----------:-----------:----------:------------:--------:--------:

:  PRODU8:    8,    7:ORAT:     1500.0:        0.0:     2050.0:     1661.2:      0.000:      1.37:      0.0000:  3307.8:     0.0: 
:--------:-----------:----:-----------:-----------:-----------:-----------:-----------:----------:------------:--------:--------:

=================================================== INJECTION REPORT ========================================
:  WELL  :  LOCATION : CTRL : CTRL : CTRL :    OIL    :   WATER   :    GAS    :   FLUID   : BHP OR : THP OR :
:  NAME  :  (I,J,K)  : MODE : MODE : MODE :    RATE   :   RATE    :    RATE   :  RES.VOL. : CON.PR.: BLK.PR.:
:        :           : OIL  : WAT  : GAS  :  STB/DAY  :  STB/DAY  :  MSCF/DAY :  RB/DAY   :  PSIA  :  PSIA  :
==============================================================================================================

:   FIELD:           :      :      :      :        0.0:        0.0:        0.0:        0.0:        :        : 
:--------:-----------:------:------:------:------------:----------:-----------:-----------:--------:--------: 

:       G:           :      :      :      :        0.0:     5000.0:        0.0:        0.0:        :        : 
:--------:-----------:------:------:------:------------:----------:-----------:-----------:--------:--------: 

=================================================== CUMULATIVE PRODUCTION/INJECTION REPORT =========================================
:  WELL  :  LOCATION :  WELL  :CTRL:    OIL    :   WATER   :    GAS    :   Prod    :    OIL    :   WATER   :    GAS    :   INJ     :
:  NAME  :  (I,J,K)  :  TYPE  :MODE:    PROD   :   PROD    :    PROD   :  RES.VOL. :    INJ    :   INJ     :    INJ    :  RES.VOL. :
:        :           :        :    :    MSTB   :   MSTB    :    MMSCF  :   MRB     :    MSTB   :   MSTB    :    MMSCF  :   MRB     :
====================================================================================================================================

:   FIELD:           :        :    :        0.0:        0.0:        0.0:        0.0:        0.0:        0.0:        0.0:        0.0: 
:--------:-----------:--------:----:------------:----------:-----------:-----------:------------:----------:-----------:-----------: 

:       G:           :        :    :      132.3:        0.2:      184.6:      149.2:        0.0:       18.0:        0.0:       18.0: 
:--------:-----------:--------:----:------------:----------:-----------:-----------:------------:----------:-----------:-----------: 

:  PRODU3:    8,    2:    PROD:ORAT:        5.4:        0.0:        7.3:        6.0:        0.0:        0.0:        0.0:        0.0: 
:--------:-----------:--------:----:------------:----------:-----------:-----------:------------:----------:-----------:-----------: 

:  PRODU4:   11,    3:    PROD:ORAT:        5.4:        0.0:        7.4:        6.0:        0.0:        0.0:        0.0:        0.0: 
:--------:-----------:--------:----:------------:----------:-----------:-----------:------------:----------:-----------:-----------: 

:  PRODU5:   10,    4:    PROD:ORAT:        5.4:        0.0:        7.4:        6.0:        0.0:        0.0:        0.0:        0.0: 
:--------:-----------:--------:----:------------:----------:-----------:-----------:------------:----------:-----------:-----------: 

:  PRODU7:    4,    6:    PROD:ORAT:        5.4:        0.0:        7.3:        6.0:        0.0:        0.0:        0.0:        0.0: 
:--------:-----------:--------:----:------------:----------:-----------:-----------:------------:----------:-----------:-----------: 

:  PRODU8:    8,    7:    PROD:ORAT:        5.4:        0.0:        7.4:        6.0:        0.0:        0.0:        0.0:        0.0: 
:--------:-----------:--------:----:------------:----------:-----------:-----------:------------:----------:-----------:-----------: 

======================================================= PRODUCTION REPORT =======================================================
:  WELL  :  LOCATION :CTRL:    OIL    :   WATER   :    GAS    :   FLUID   :   WATER   : GAS/OIL  :  WAT/GAS   : BHP OR : THP OR :
:  NAME  :  (I,J,K)  :MODE:    RATE   :   RATE    :    RATE   :  RES.VOL. :    CUT    :  RATIO   :   RATIO    : CON.PR.: BLK.PR.:
:        :           :    :  STB/DAY  :  STB/DAY  :  MSCF/DAY :  RB/DAY   :           : MSCF/STB :  STB/MSCF  :  PSIA  :  PSIA  :
=================================================================================================================================

:   FIELD:           :    :        0.0:        0.0:        0.0:        0.0:      0.000:      0.00:        -nan:        :        : 
:--------:-----------:----:-----------:-----------:-----------:-----------:-----------:----------:------------:--------:--------:

:       G:           :    :    35715.8:       42.3:    50449.0:    40658.8:      0.001:      1.41:      0.0008:        :        : 
:--------:-----------:----:-----------:-----------:-----------:-----------:-----------:----------:------------:--------:--------:

:  PRODU3:    8,    2:ORAT:     1500.0:        0.0:     2022.9:     1658.6:      0.000:      1.35:      0.0000:  2795.2:     0.0: 
:--------:-----------:----:-----------:-----------:-----------:-----------:-----------:----------:------------:--------:--------:

:  PRODU4:   11,    3:ORAT:     1500.0:        0.1:     2005.0:     1656.9:      0.000:      1.34:      0.0000:  3167.8:     0.0: 
:--------:-----------:----:-----------:-----------:-----------:-----------:-----------:----------:------------:--------:--------:

:  PRODU5:   10,    4:ORAT:     1500.0:        0.0:     2035.0:     1659.9:      0.000:      1.36:      0.0000:  2961.5:     0.0: 
:--------:-----------:----:-----------:-----------:-----------:-----------:-----------:----------:------------:--------:--------:

:  PRODU7:    4,    6:ORAT:     1500.0:       -0.0:     2001.3:     1656.5:     -0.000:      1.33:     -0.0000:  3071.9:     0.0: 
:--------:-----------:----:-----------:-----------:-----------:-----------:-----------:----------:------------:--------:--------:

:  PRODU8:    8,    7:ORAT:     1500.0:        0.0:     2014.2:     1657.8:      0.000:      1.34:      0.0000:  3211.7:     0.0: 
:--------:-----------:----:-----------:-----------:-----------:-----------:-----------:----------:------------:--------:--------:

=================================================== INJECTION REPORT ========================================
:  WELL  :  LOCATION : CTRL : CTRL : CTRL :    OIL    :   WATER   :    GAS    :   FLUID   : BHP OR : THP OR :
:  NAME  :  (I,J,K)  : MODE : MODE : MODE :    RATE   :   RATE    :    RATE   :  RES.VOL. : CON.PR.: BLK.PR.:
:        :           : OIL  : WAT  : GAS  :  STB/DAY  :  STB/DAY  :  MSCF/DAY :  RB/DAY   :  PSIA  :  PSIA  :
==============================================================================================================

:   FIELD:           :      :      :      :        0.0:        0.0:        0.0:        0.0:        :        : 
:--------:-----------:------:------:------:------------:----------:-----------:-----------:--------:--------: 

:       G:           :      :      :      :        0.0:     5000.0:        0.0:        0.0:        :        : 
:--------:-----------:------:------:------:------------:----------:-----------:-----------:--------:--------: 

=================================================== CUMULATIVE PRODUCTION/INJECTION REPORT =========================================
:  WELL  :  LOCATION :  WELL  :CTRL:    OIL    :   WATER   :    GAS    :   Prod    :    OIL    :   WATER   :    GAS    :   INJ     :
:  NAME  :  (I,J,K)  :  TYPE  :MODE:    PROD   :   PROD    :    PROD   :  RES.VOL. :    INJ    :   INJ     :    INJ    :  RES.VOL. :
:        :           :        :    :    MSTB   :   MSTB    :    MMSCF  :   MRB     :    MSTB   :   MSTB    :    MMSCF  :   MRB     :
====================================================================================================================================

:   FIELD:           :        :    :        0.0:        0.0:        0.0:        0.0:        0.0:        0.0:        0.0:        0.0: 
:--------:-----------:--------:----:------------:----------:-----------:-----------:------------:----------:-----------:-----------: 

:       G:           :        :    :      479.7:        0.6:      673.9:      544.6:        0.0:       66.5:        0.0:       66.7: 
:--------:-----------:--------:----:------------:----------:-----------:-----------:------------:----------:-----------:-----------: 

:  PRODU3:    8,    2:    PROD:ORAT:       19.9:        0.0:       26.8:       22.1:        0.0:        0.0:        0.0:        0.0: 
:--------:-----------:--------:----:------------:----------:-----------:-----------:------------:----------:-----------:-----------: 

:  PRODU4:   11,    3:    PROD:ORAT:       19.9:        0.0:       26.8:       22.0:        0.0:        0.0:        0.0:        0.0: 
:--------:-----------:--------:----:------------:----------:-----------:-----------:------------:----------:-----------:-----------: 

:  PRODU5:   10,    4:    PROD:ORAT:       20.0:        0.0:       26.8:       22.1:        0.0:        0.0:        0.0:        0.0: 
:--------:-----------:--------:----:------------:----------:-----------:-----------:------------:----------:-----------:-----------: 

:  PRODU7:    4,    6:    PROD:ORAT:       19.9:        0.0:       26.8:       22.0:        0.0:        0.0:        0.0:        0.0: 
:--------:-----------:--------:----:------------:----------:-----------:-----------:------------:----------:-----------:-----------: 

:  PRODU8:    8,    7:    PROD:ORAT:       19.9:        0.0:       27.0:       22.1:        0.0:        0.0:        0.0:        0.0: 
:--------:-----------:--------:----:------------:----------:-----------:-----------:------------:----------:-----------:-----------: 

